<?xml version="1.0" encoding="UTF-8"?>
<!-- Generated by org.testng.reporters.JUnitReportReporter -->
<testsuite skipped="0" hostname="sgoyal-in-la1.local" name="Assignment.Assignment.HomePage" tests="1" failures="0" timestamp="16 Jul 2019 09:35:40 GMT" time="6.486" errors="0">
  <testcase name="setUp" time="6.486" classname="Assignment.Assignment.HomePage"/>
</testsuite> <!-- Assignment.Assignment.HomePage -->
