<?xml version="1.0" encoding="UTF-8"?>
<!-- Generated by org.testng.reporters.JUnitReportReporter -->
<testsuite skipped="0" hostname="sgoyal-in-la1.local" name="Assignment.Assignment.GitApi" tests="3" failures="0" timestamp="18 Jul 2019 15:21:32 GMT" time="3.432" errors="0">
  <testcase name="RegistrationSuccessful" time="0.650" classname="Assignment.Assignment.GitApi"/>
  <testcase name="AuthenticationBasics" time="2.151" classname="Assignment.Assignment.GitApi"/>
  <testcase name="GetWeatherDetails" time="0.631" classname="Assignment.Assignment.GitApi"/>
</testsuite> <!-- Assignment.Assignment.GitApi -->
